0 info it worked if it ends with ok
1 verbose cli [ '/usr/local/Cellar/node/0.10.1/bin/node',
1 verbose cli   '/usr/local/bin/npm',
1 verbose cli   'publish' ]
2 info using npm@1.2.15
3 info using node@v0.10.1
4 verbose publish [ '.' ]
5 verbose read json /Users/jamisonlottering/Documents/dazzle-node/package.json
6 verbose cache add [ '.', null ]
7 verbose cache add name=undefined spec="." args=[".",null]
8 verbose parsed url { protocol: null,
8 verbose parsed url   slashes: null,
8 verbose parsed url   auth: null,
8 verbose parsed url   host: null,
8 verbose parsed url   port: null,
8 verbose parsed url   hostname: null,
8 verbose parsed url   hash: null,
8 verbose parsed url   search: null,
8 verbose parsed url   query: null,
8 verbose parsed url   pathname: '.',
8 verbose parsed url   path: '.',
8 verbose parsed url   href: '.' }
9 silly lockFile 3a52ce78- .
10 verbose lock . /Users/jamisonlottering/.npm/3a52ce78-.lock
11 verbose read json package.json
12 verbose tar pack [ '/var/folders/l3/pyqz1q2d5clb2h143d2_bxzw0000gn/T/npm-5415/1364368495637-0.0015711365267634392/tmp.tgz',
12 verbose tar pack   '.' ]
13 verbose tarball /var/folders/l3/pyqz1q2d5clb2h143d2_bxzw0000gn/T/npm-5415/1364368495637-0.0015711365267634392/tmp.tgz
14 verbose folder .
15 info prepublish dazzle@0.1.5
16 silly lockFile 3a52ce78- .
17 verbose lock . /Users/jamisonlottering/.npm/3a52ce78-.lock
18 silly lockFile a4af7b2d-37-0-0015711365267634392-tmp-tgz /var/folders/l3/pyqz1q2d5clb2h143d2_bxzw0000gn/T/npm-5415/1364368495637-0.0015711365267634392/tmp.tgz
19 verbose lock /var/folders/l3/pyqz1q2d5clb2h143d2_bxzw0000gn/T/npm-5415/1364368495637-0.0015711365267634392/tmp.tgz /Users/jamisonlottering/.npm/a4af7b2d-37-0-0015711365267634392-tmp-tgz.lock
20 silly lockFile 3a52ce78- .
21 silly lockFile 3a52ce78- .
22 silly lockFile a4af7b2d-37-0-0015711365267634392-tmp-tgz /var/folders/l3/pyqz1q2d5clb2h143d2_bxzw0000gn/T/npm-5415/1364368495637-0.0015711365267634392/tmp.tgz
23 silly lockFile a4af7b2d-37-0-0015711365267634392-tmp-tgz /var/folders/l3/pyqz1q2d5clb2h143d2_bxzw0000gn/T/npm-5415/1364368495637-0.0015711365267634392/tmp.tgz
24 verbose tar unpack /var/folders/l3/pyqz1q2d5clb2h143d2_bxzw0000gn/T/npm-5415/1364368495637-0.0015711365267634392/tmp.tgz
25 silly lockFile cf310436-37-0-0015711365267634392-package /var/folders/l3/pyqz1q2d5clb2h143d2_bxzw0000gn/T/npm-5415/1364368495637-0.0015711365267634392/package
26 verbose lock /var/folders/l3/pyqz1q2d5clb2h143d2_bxzw0000gn/T/npm-5415/1364368495637-0.0015711365267634392/package /Users/jamisonlottering/.npm/cf310436-37-0-0015711365267634392-package.lock
27 silly lockFile a4af7b2d-37-0-0015711365267634392-tmp-tgz /var/folders/l3/pyqz1q2d5clb2h143d2_bxzw0000gn/T/npm-5415/1364368495637-0.0015711365267634392/tmp.tgz
28 verbose lock /var/folders/l3/pyqz1q2d5clb2h143d2_bxzw0000gn/T/npm-5415/1364368495637-0.0015711365267634392/tmp.tgz /Users/jamisonlottering/.npm/a4af7b2d-37-0-0015711365267634392-tmp-tgz.lock
29 silly gunzTarPerm modes [ '755', '644' ]
30 silly gunzTarPerm extractEntry package.json
31 silly gunzTarPerm extractEntry .npmignore
32 silly gunzTarPerm extractEntry README.md
33 silly gunzTarPerm extractEntry dazzle.js
34 silly gunzTarPerm extractEntry config.json
35 silly gunzTarPerm extractEntry lib/api-client.js
36 silly gunzTarPerm extractEntry lib/dota2-client.js
37 silly gunzTarPerm extractEntry lib/index.js
38 silly gunzTarPerm extractEntry lib/util.js
39 verbose read json /var/folders/l3/pyqz1q2d5clb2h143d2_bxzw0000gn/T/npm-5415/1364368495637-0.0015711365267634392/package/package.json
40 silly lockFile cf310436-37-0-0015711365267634392-package /var/folders/l3/pyqz1q2d5clb2h143d2_bxzw0000gn/T/npm-5415/1364368495637-0.0015711365267634392/package
41 silly lockFile cf310436-37-0-0015711365267634392-package /var/folders/l3/pyqz1q2d5clb2h143d2_bxzw0000gn/T/npm-5415/1364368495637-0.0015711365267634392/package
42 silly lockFile a4af7b2d-37-0-0015711365267634392-tmp-tgz /var/folders/l3/pyqz1q2d5clb2h143d2_bxzw0000gn/T/npm-5415/1364368495637-0.0015711365267634392/tmp.tgz
43 silly lockFile a4af7b2d-37-0-0015711365267634392-tmp-tgz /var/folders/l3/pyqz1q2d5clb2h143d2_bxzw0000gn/T/npm-5415/1364368495637-0.0015711365267634392/tmp.tgz
44 verbose from cache /var/folders/l3/pyqz1q2d5clb2h143d2_bxzw0000gn/T/npm-5415/1364368495637-0.0015711365267634392/package/package.json
45 verbose tar pack [ '/Users/jamisonlottering/.npm/dazzle/0.1.5/package.tgz',
45 verbose tar pack   '/var/folders/l3/pyqz1q2d5clb2h143d2_bxzw0000gn/T/npm-5415/1364368495637-0.0015711365267634392/package' ]
46 verbose tarball /Users/jamisonlottering/.npm/dazzle/0.1.5/package.tgz
47 verbose folder /var/folders/l3/pyqz1q2d5clb2h143d2_bxzw0000gn/T/npm-5415/1364368495637-0.0015711365267634392/package
48 silly lockFile cf310436-37-0-0015711365267634392-package /var/folders/l3/pyqz1q2d5clb2h143d2_bxzw0000gn/T/npm-5415/1364368495637-0.0015711365267634392/package
49 verbose lock /var/folders/l3/pyqz1q2d5clb2h143d2_bxzw0000gn/T/npm-5415/1364368495637-0.0015711365267634392/package /Users/jamisonlottering/.npm/cf310436-37-0-0015711365267634392-package.lock
50 silly lockFile 40f35ea4-ing-npm-dazzle-0-1-5-package-tgz /Users/jamisonlottering/.npm/dazzle/0.1.5/package.tgz
51 verbose lock /Users/jamisonlottering/.npm/dazzle/0.1.5/package.tgz /Users/jamisonlottering/.npm/40f35ea4-ing-npm-dazzle-0-1-5-package-tgz.lock
52 silly lockFile cf310436-37-0-0015711365267634392-package /var/folders/l3/pyqz1q2d5clb2h143d2_bxzw0000gn/T/npm-5415/1364368495637-0.0015711365267634392/package
53 silly lockFile cf310436-37-0-0015711365267634392-package /var/folders/l3/pyqz1q2d5clb2h143d2_bxzw0000gn/T/npm-5415/1364368495637-0.0015711365267634392/package
54 silly lockFile 40f35ea4-ing-npm-dazzle-0-1-5-package-tgz /Users/jamisonlottering/.npm/dazzle/0.1.5/package.tgz
55 silly lockFile 40f35ea4-ing-npm-dazzle-0-1-5-package-tgz /Users/jamisonlottering/.npm/dazzle/0.1.5/package.tgz
56 silly lockFile db28f515-ttering-npm-dazzle-0-1-5-package /Users/jamisonlottering/.npm/dazzle/0.1.5/package
57 verbose lock /Users/jamisonlottering/.npm/dazzle/0.1.5/package /Users/jamisonlottering/.npm/db28f515-ttering-npm-dazzle-0-1-5-package.lock
58 silly lockFile db28f515-ttering-npm-dazzle-0-1-5-package /Users/jamisonlottering/.npm/dazzle/0.1.5/package
59 silly lockFile db28f515-ttering-npm-dazzle-0-1-5-package /Users/jamisonlottering/.npm/dazzle/0.1.5/package
60 verbose tar unpack /Users/jamisonlottering/.npm/dazzle/0.1.5/package.tgz
61 silly lockFile db28f515-ttering-npm-dazzle-0-1-5-package /Users/jamisonlottering/.npm/dazzle/0.1.5/package
62 verbose lock /Users/jamisonlottering/.npm/dazzle/0.1.5/package /Users/jamisonlottering/.npm/db28f515-ttering-npm-dazzle-0-1-5-package.lock
63 silly lockFile 40f35ea4-ing-npm-dazzle-0-1-5-package-tgz /Users/jamisonlottering/.npm/dazzle/0.1.5/package.tgz
64 verbose lock /Users/jamisonlottering/.npm/dazzle/0.1.5/package.tgz /Users/jamisonlottering/.npm/40f35ea4-ing-npm-dazzle-0-1-5-package-tgz.lock
65 silly gunzTarPerm modes [ '755', '644' ]
66 silly gunzTarPerm extractEntry package.json
67 silly gunzTarPerm extractEntry .npmignore
68 silly gunzTarPerm extractEntry README.md
69 silly gunzTarPerm extractEntry dazzle.js
70 silly gunzTarPerm extractEntry config.json
71 silly gunzTarPerm extractEntry lib/api-client.js
72 silly gunzTarPerm extractEntry lib/dota2-client.js
73 silly gunzTarPerm extractEntry lib/index.js
74 silly gunzTarPerm extractEntry lib/util.js
75 verbose read json /Users/jamisonlottering/.npm/dazzle/0.1.5/package/package.json
76 silly lockFile db28f515-ttering-npm-dazzle-0-1-5-package /Users/jamisonlottering/.npm/dazzle/0.1.5/package
77 silly lockFile db28f515-ttering-npm-dazzle-0-1-5-package /Users/jamisonlottering/.npm/dazzle/0.1.5/package
78 silly lockFile 40f35ea4-ing-npm-dazzle-0-1-5-package-tgz /Users/jamisonlottering/.npm/dazzle/0.1.5/package.tgz
79 silly lockFile 40f35ea4-ing-npm-dazzle-0-1-5-package-tgz /Users/jamisonlottering/.npm/dazzle/0.1.5/package.tgz
80 silly shasum updated bytes 2098
81 info shasum dce0918657c036ada36647cff681c6c678ed8e24
81 info shasum /Users/jamisonlottering/.npm/dazzle/0.1.5/package.tgz
82 verbose from cache /Users/jamisonlottering/.npm/dazzle/0.1.5/package/package.json
83 verbose chmod /Users/jamisonlottering/.npm/dazzle/0.1.5/package.tgz 644
84 verbose chown /Users/jamisonlottering/.npm/dazzle/0.1.5/package.tgz [ 501, 20 ]
85 silly lockFile 3a52ce78- .
86 silly publish { name: 'dazzle',
86 silly publish   description: 'Dazzle is a simple Dota 2 Api Wrapper for Node',
86 silly publish   version: '0.1.5',
86 silly publish   main: './dazzle',
86 silly publish   private: true,
86 silly publish   dependencies: { request: '2.16.6' },
86 silly publish   readme: 'Dazzle - a Dota 2 Api Wrapper for Node\n===\nDazzle is a lightweight, easy-to-use API client for the Dota 2 WebAPI (http://wiki.teamfortress.com/wiki/WebAPI#Dota_2).\n\nRequirements & Installation\n------------\n1. npm-install dazzle\n2. Get a Steam API key at http://steamcommunity.com/dev/apikey\n',
86 silly publish   readmeFilename: 'README.md',
86 silly publish   _id: 'dazzle@0.1.5',
86 silly publish   dist: { shasum: 'dce0918657c036ada36647cff681c6c678ed8e24' },
86 silly publish   _from: '.' }
87 error Error: This package has been marked as private
87 error Remove the 'private' field from the package.json to publish it.
87 error     at publish_ (/usr/local/Cellar/node/0.10.1/lib/node_modules/npm/lib/publish.js:90:31)
87 error     at Array.1 (/usr/local/Cellar/node/0.10.1/lib/node_modules/npm/node_modules/slide/lib/bind-actor.js:15:8)
87 error     at LOOP (/usr/local/Cellar/node/0.10.1/lib/node_modules/npm/node_modules/slide/lib/chain.js:15:14)
87 error     at LOOP (/usr/local/Cellar/node/0.10.1/lib/node_modules/npm/node_modules/slide/lib/chain.js:14:28)
87 error     at chain (/usr/local/Cellar/node/0.10.1/lib/node_modules/npm/node_modules/slide/lib/chain.js:20:5)
87 error     at /usr/local/Cellar/node/0.10.1/lib/node_modules/npm/lib/publish.js:59:5
87 error     at /usr/local/Cellar/node/0.10.1/lib/node_modules/npm/lib/cache.js:773:14
87 error     at process._tickCallback (node.js:415:13)
88 error If you need help, you may report this log at:
88 error     <http://github.com/isaacs/npm/issues>
88 error or email it to:
88 error     <npm-@googlegroups.com>
89 error System Darwin 12.2.0
90 error command "/usr/local/Cellar/node/0.10.1/bin/node" "/usr/local/bin/npm" "publish"
91 error cwd /Users/jamisonlottering/Documents/dazzle-node
92 error node -v v0.10.1
93 error npm -v 1.2.15
94 verbose exit [ 1, true ]
